[06:29:33] [main/INFO]: Environment: authHost='https://authserver.mojang.com', accountsHost='https://api.mojang.com', sessionHost='https://sessionserver.mojang.com', servicesHost='https://api.minecraftservices.com', name='PROD'
[06:29:37] [main/INFO]: Found new data pack file/bukkit, loading it automatically
[06:29:46] [main/INFO]: Reloading ResourceManager: Default, bukkit
[06:29:58] [Worker-Main-12/INFO]: Loaded 7 recipes
[06:30:15] [Server thread/INFO]: Starting minecraft server version 1.17.1
[06:30:15] [Server thread/INFO]: Loading properties
[06:30:17] [Server thread/INFO]: This server is running CraftBukkit version 3284a-Spigot-3892929-0ab8487 (MC: 1.17.1) (Implementing API version 1.17.1-R0.1-SNAPSHOT)
[06:30:19] [Server thread/INFO]: Server Ping Player Sample Count: 12
[06:30:19] [Server thread/INFO]: Using 4 threads for Netty based IO
[06:30:19] [Server thread/INFO]: Debug logging is disabled
[06:30:19] [Server thread/INFO]: Default game type: SURVIVAL
[06:30:19] [Server thread/INFO]: Generating keypair
[06:30:22] [Server thread/INFO]: Starting Minecraft server on *:25565
[06:30:22] [Server thread/INFO]: Using default channel type
[06:30:23] [Server thread/WARN]: Failed to find a usable hardware address from the network interfaces; using random bytes: e5:5d:f5:8f:ae:f9:c7:68
[06:30:35] [Server thread/INFO]: [ViaVersion] Loading ViaVersion v5.0.3
[06:30:35] [Server thread/INFO]: [ViaVersion] ViaVersion 5.0.3 is now loaded. Registering protocol transformers and injecting...
[06:30:43] [Via-Mappingloader-0/INFO]: [ViaVersion] Loading block connection mappings ...
[06:30:48] [Server thread/INFO]: [ViaBackwards] Loading translations...
[06:30:49] [Server thread/INFO]: [ViaBackwards] Registering protocols...
[06:30:54] [Server thread/INFO]: [ViaRewind] Registering protocols...
[06:30:56] [Server thread/INFO]: [Essentials] Loading Essentials v2.21.0-dev+111-b54c8c1
[06:30:56] [Server thread/INFO]: [ViaBackwards] Loading ViaBackwards v5.0.3
[06:30:56] [Server thread/INFO]: [ViaRewind] Loading ViaRewind v4.0.2
[06:30:56] [Server thread/INFO]: [ViaRewind] Enabling ViaRewind v4.0.2
[06:30:56] [Server thread/WARN]: **** SERVER IS RUNNING IN OFFLINE/INSECURE MODE!
[06:30:56] [Server thread/WARN]: The server will make no attempt to authenticate usernames. Beware.
[06:30:56] [Server thread/WARN]: While this makes the game possible to play without internet access, it also opens up the ability for hackers to connect with any username they choose.
[06:30:56] [Server thread/WARN]: To change this, set "online-mode" to "true" in the server.properties file.
[06:30:56] [Server thread/INFO]: Preparing level "world"
[06:30:58] [Server thread/INFO]: -------- World Settings For [world] --------
[06:30:58] [Server thread/INFO]: Mob Spawn Range: 6
[06:30:58] [Server thread/INFO]: Cactus Growth Modifier: 100%
[06:30:58] [Server thread/INFO]: Cane Growth Modifier: 100%
[06:30:58] [Server thread/INFO]: Melon Growth Modifier: 100%
[06:30:58] [Server thread/INFO]: Mushroom Growth Modifier: 100%
[06:30:58] [Server thread/INFO]: Pumpkin Growth Modifier: 100%
[06:30:58] [Server thread/INFO]: Sapling Growth Modifier: 100%
[06:30:58] [Server thread/INFO]: Beetroot Growth Modifier: 100%
[06:30:58] [Server thread/INFO]: Carrot Growth Modifier: 100%
[06:30:58] [Server thread/INFO]: Potato Growth Modifier: 100%
[06:30:58] [Server thread/INFO]: Wheat Growth Modifier: 100%
[06:30:58] [Server thread/INFO]: NetherWart Growth Modifier: 100%
[06:30:58] [Server thread/INFO]: Vine Growth Modifier: 100%
[06:30:58] [Server thread/INFO]: Cocoa Growth Modifier: 100%
[06:30:58] [Server thread/INFO]: Bamboo Growth Modifier: 100%
[06:30:58] [Server thread/INFO]: SweetBerry Growth Modifier: 100%
[06:30:58] [Server thread/INFO]: Kelp Growth Modifier: 100%
[06:30:58] [Server thread/INFO]: Entity Activation Range: An 32 / Mo 32 / Ra 48 / Mi 16 / Tiv true
[06:30:58] [Server thread/INFO]: Experience Merge Radius: 3.0
[06:30:58] [Server thread/INFO]: Hopper Transfer: 8 Hopper Check: 1 Hopper Amount: 1
[06:30:58] [Server thread/INFO]: Custom Map Seeds:  Village: 10387312 Desert: 14357617 Igloo: 14357618 Jungle: 14357619 Swamp: 14357620 Monument: 10387313 Ocean: 14357621 Shipwreck: 165745295 End City: 10387313 Slime: 987234911 Bastion: 30084232 Fortress: 30084232 Mansion: 10387319 Fossil: 14357921 Portal: 34222645
[06:30:58] [Server thread/INFO]: Max TNT Explosions: 100
[06:30:58] [Server thread/INFO]: Tile Max Tick Time: 50ms Entity max Tick Time: 50ms
[06:30:58] [Server thread/INFO]: Arrow Despawn Rate: 1200 Trident Respawn Rate:1200
[06:30:58] [Server thread/INFO]: Zombie Aggressive Towards Villager: true
[06:30:58] [Server thread/INFO]: Nerfing mobs spawned from spawners: false
[06:30:58] [Server thread/INFO]: Item Despawn Rate: 6000
[06:30:58] [Server thread/INFO]: Item Merge Radius: 2.5
[06:30:58] [Server thread/INFO]: Entity Tracking Range: Pl 48 / An 48 / Mo 48 / Mi 32 / Other 64
[06:30:58] [Server thread/INFO]: Allow Zombie Pigmen to spawn from portal blocks: true
[06:30:58] [Server thread/INFO]: View Distance: 10
[06:32:14] [Server thread/INFO]: -------- World Settings For [world_nether] --------
[06:32:14] [Server thread/INFO]: Mob Spawn Range: 6
[06:32:14] [Server thread/INFO]: Cactus Growth Modifier: 100%
[06:32:14] [Server thread/INFO]: Cane Growth Modifier: 100%
[06:32:14] [Server thread/INFO]: Melon Growth Modifier: 100%
[06:32:14] [Server thread/INFO]: Mushroom Growth Modifier: 100%
[06:32:14] [Server thread/INFO]: Pumpkin Growth Modifier: 100%
[06:32:14] [Server thread/INFO]: Sapling Growth Modifier: 100%
[06:32:14] [Server thread/INFO]: Beetroot Growth Modifier: 100%
[06:32:14] [Server thread/INFO]: Carrot Growth Modifier: 100%
[06:32:14] [Server thread/INFO]: Potato Growth Modifier: 100%
[06:32:14] [Server thread/INFO]: Wheat Growth Modifier: 100%
[06:32:14] [Server thread/INFO]: NetherWart Growth Modifier: 100%
[06:32:14] [Server thread/INFO]: Vine Growth Modifier: 100%
[06:32:14] [Server thread/INFO]: Cocoa Growth Modifier: 100%
[06:32:14] [Server thread/INFO]: Bamboo Growth Modifier: 100%
[06:32:14] [Server thread/INFO]: SweetBerry Growth Modifier: 100%
[06:32:14] [Server thread/INFO]: Kelp Growth Modifier: 100%
[06:32:14] [Server thread/INFO]: Entity Activation Range: An 32 / Mo 32 / Ra 48 / Mi 16 / Tiv true
[06:32:14] [Server thread/INFO]: Experience Merge Radius: 3.0
[06:32:14] [Server thread/INFO]: Hopper Transfer: 8 Hopper Check: 1 Hopper Amount: 1
[06:32:14] [Server thread/INFO]: Custom Map Seeds:  Village: 10387312 Desert: 14357617 Igloo: 14357618 Jungle: 14357619 Swamp: 14357620 Monument: 10387313 Ocean: 14357621 Shipwreck: 165745295 End City: 10387313 Slime: 987234911 Bastion: 30084232 Fortress: 30084232 Mansion: 10387319 Fossil: 14357921 Portal: 34222645
[06:32:14] [Server thread/INFO]: Max TNT Explosions: 100
[06:32:14] [Server thread/INFO]: Tile Max Tick Time: 50ms Entity max Tick Time: 50ms
[06:32:14] [Server thread/INFO]: Arrow Despawn Rate: 1200 Trident Respawn Rate:1200
[06:32:14] [Server thread/INFO]: Zombie Aggressive Towards Villager: true
[06:32:14] [Server thread/INFO]: Nerfing mobs spawned from spawners: false
[06:32:14] [Server thread/INFO]: Item Despawn Rate: 6000
[06:32:14] [Server thread/INFO]: Item Merge Radius: 2.5
[06:32:14] [Server thread/INFO]: Entity Tracking Range: Pl 48 / An 48 / Mo 48 / Mi 32 / Other 64
[06:32:14] [Server thread/INFO]: Allow Zombie Pigmen to spawn from portal blocks: true
[06:32:14] [Server thread/INFO]: View Distance: 10
[06:32:15] [Server thread/WARN]: Unable to find spawn biome
[06:32:30] [Server thread/INFO]: -------- World Settings For [world_the_end] --------
[06:32:30] [Server thread/INFO]: Mob Spawn Range: 6
[06:32:30] [Server thread/INFO]: Cactus Growth Modifier: 100%
[06:32:30] [Server thread/INFO]: Cane Growth Modifier: 100%
[06:32:30] [Server thread/INFO]: Melon Growth Modifier: 100%
[06:32:30] [Server thread/INFO]: Mushroom Growth Modifier: 100%
[06:32:30] [Server thread/INFO]: Pumpkin Growth Modifier: 100%
[06:32:30] [Server thread/INFO]: Sapling Growth Modifier: 100%
[06:32:30] [Server thread/INFO]: Beetroot Growth Modifier: 100%
[06:32:30] [Server thread/INFO]: Carrot Growth Modifier: 100%
[06:32:30] [Server thread/INFO]: Potato Growth Modifier: 100%
[06:32:30] [Server thread/INFO]: Wheat Growth Modifier: 100%
[06:32:30] [Server thread/INFO]: NetherWart Growth Modifier: 100%
[06:32:30] [Server thread/INFO]: Vine Growth Modifier: 100%
[06:32:30] [Server thread/INFO]: Cocoa Growth Modifier: 100%
[06:32:30] [Server thread/INFO]: Bamboo Growth Modifier: 100%
[06:32:30] [Server thread/INFO]: SweetBerry Growth Modifier: 100%
[06:32:30] [Server thread/INFO]: Kelp Growth Modifier: 100%
[06:32:30] [Server thread/INFO]: Entity Activation Range: An 32 / Mo 32 / Ra 48 / Mi 16 / Tiv true
[06:32:30] [Server thread/INFO]: Experience Merge Radius: 3.0
[06:32:30] [Server thread/INFO]: Hopper Transfer: 8 Hopper Check: 1 Hopper Amount: 1
[06:32:30] [Server thread/INFO]: Custom Map Seeds:  Village: 10387312 Desert: 14357617 Igloo: 14357618 Jungle: 14357619 Swamp: 14357620 Monument: 10387313 Ocean: 14357621 Shipwreck: 165745295 End City: 10387313 Slime: 987234911 Bastion: 30084232 Fortress: 30084232 Mansion: 10387319 Fossil: 14357921 Portal: 34222645
[06:32:30] [Server thread/INFO]: Max TNT Explosions: 100
[06:32:30] [Server thread/INFO]: Tile Max Tick Time: 50ms Entity max Tick Time: 50ms
[06:32:30] [Server thread/INFO]: Arrow Despawn Rate: 1200 Trident Respawn Rate:1200
[06:32:30] [Server thread/INFO]: Zombie Aggressive Towards Villager: true
[06:32:30] [Server thread/INFO]: Nerfing mobs spawned from spawners: false
[06:32:30] [Server thread/INFO]: Item Despawn Rate: 6000
[06:32:30] [Server thread/INFO]: Item Merge Radius: 2.5
[06:32:30] [Server thread/INFO]: Entity Tracking Range: Pl 48 / An 48 / Mo 48 / Mi 32 / Other 64
[06:32:30] [Server thread/INFO]: Allow Zombie Pigmen to spawn from portal blocks: true
[06:32:30] [Server thread/INFO]: View Distance: 10
[06:32:31] [Server thread/WARN]: Unable to find spawn biome
[06:32:33] [Server thread/INFO]: Preparing start region for dimension minecraft:overworld
[06:32:39] [Worker-Main-10/INFO]: Preparing spawn area: 0%
[06:32:39] [Worker-Main-10/INFO]: Preparing spawn area: 0%
[06:32:39] [Worker-Main-12/INFO]: Preparing spawn area: 0%
[06:32:39] [Worker-Main-14/INFO]: Preparing spawn area: 0%
[06:32:39] [Worker-Main-10/INFO]: Preparing spawn area: 0%
[06:32:39] [Worker-Main-14/INFO]: Preparing spawn area: 0%
[06:32:39] [Worker-Main-14/INFO]: Preparing spawn area: 0%
[06:32:39] [Worker-Main-10/INFO]: Preparing spawn area: 0%
[06:32:39] [Worker-Main-9/INFO]: Preparing spawn area: 0%
[06:32:39] [Worker-Main-14/INFO]: Preparing spawn area: 0%
[06:32:39] [Worker-Main-14/INFO]: Preparing spawn area: 0%
[06:32:39] [Worker-Main-9/INFO]: Preparing spawn area: 0%
[06:32:39] [Worker-Main-14/INFO]: Preparing spawn area: 0%
[06:32:40] [Worker-Main-9/INFO]: Preparing spawn area: 0%
[06:32:40] [Worker-Main-13/INFO]: Preparing spawn area: 0%
[06:32:41] [Worker-Main-11/INFO]: Preparing spawn area: 0%
[06:32:41] [Worker-Main-8/INFO]: Preparing spawn area: 0%
[06:32:42] [Worker-Main-8/INFO]: Preparing spawn area: 0%
[06:32:42] [Worker-Main-10/INFO]: Preparing spawn area: 0%
[06:32:43] [Worker-Main-12/INFO]: Preparing spawn area: 0%
[06:32:43] [Worker-Main-10/INFO]: Preparing spawn area: 0%
[06:32:44] [Worker-Main-13/INFO]: Preparing spawn area: 0%
[06:32:44] [Worker-Main-9/INFO]: Preparing spawn area: 0%
[06:32:45] [Worker-Main-11/INFO]: Preparing spawn area: 0%
[06:32:45] [Worker-Main-12/INFO]: Preparing spawn area: 0%
[06:32:46] [Worker-Main-14/INFO]: Preparing spawn area: 0%
[06:32:46] [Worker-Main-8/INFO]: Preparing spawn area: 0%
[06:32:48] [Worker-Main-9/INFO]: Preparing spawn area: 0%
[06:32:48] [Worker-Main-14/INFO]: Preparing spawn area: 0%
[06:32:48] [Worker-Main-13/INFO]: Preparing spawn area: 0%
[06:32:48] [Worker-Main-14/INFO]: Preparing spawn area: 0%
[06:32:49] [Worker-Main-10/INFO]: Preparing spawn area: 0%
[06:32:49] [Worker-Main-9/INFO]: Preparing spawn area: 0%
[06:32:50] [Worker-Main-12/INFO]: Preparing spawn area: 0%
[06:32:50] [Worker-Main-10/INFO]: Preparing spawn area: 0%
[06:32:51] [Worker-Main-9/INFO]: Preparing spawn area: 0%
[06:32:51] [Worker-Main-9/INFO]: Preparing spawn area: 0%
[06:32:52] [Worker-Main-10/INFO]: Preparing spawn area: 0%
[06:32:53] [Worker-Main-13/INFO]: Preparing spawn area: 0%
[06:32:53] [Worker-Main-8/INFO]: Preparing spawn area: 1%
[06:32:53] [Worker-Main-11/INFO]: Preparing spawn area: 1%
[06:32:54] [Worker-Main-11/INFO]: Preparing spawn area: 1%
[06:32:55] [Worker-Main-12/INFO]: Preparing spawn area: 1%
[06:32:55] [Worker-Main-13/INFO]: Preparing spawn area: 1%
[06:32:55] [Worker-Main-10/INFO]: Preparing spawn area: 1%
[06:32:56] [Worker-Main-13/INFO]: Preparing spawn area: 1%
[06:32:56] [Worker-Main-10/INFO]: Preparing spawn area: 1%
[06:32:57] [Worker-Main-8/INFO]: Preparing spawn area: 1%
[06:32:57] [Worker-Main-12/INFO]: Preparing spawn area: 1%
[06:32:58] [Worker-Main-12/INFO]: Preparing spawn area: 2%
[06:32:58] [Worker-Main-11/INFO]: Preparing spawn area: 2%
[06:32:59] [Worker-Main-14/INFO]: Preparing spawn area: 2%
[06:32:59] [Worker-Main-8/INFO]: Preparing spawn area: 2%
[06:33:00] [Worker-Main-9/INFO]: Preparing spawn area: 2%
[06:33:00] [Worker-Main-12/INFO]: Preparing spawn area: 2%
[06:33:01] [Worker-Main-8/INFO]: Preparing spawn area: 2%
[06:33:01] [Worker-Main-13/INFO]: Preparing spawn area: 2%
[06:33:02] [Worker-Main-13/INFO]: Preparing spawn area: 3%
[06:33:02] [Worker-Main-8/INFO]: Preparing spawn area: 3%
[06:33:03] [Worker-Main-10/INFO]: Preparing spawn area: 3%
[06:33:03] [Worker-Main-10/INFO]: Preparing spawn area: 3%
[06:33:04] [Worker-Main-9/INFO]: Preparing spawn area: 3%
[06:33:04] [Worker-Main-10/INFO]: Preparing spawn area: 3%
[06:33:05] [Worker-Main-14/INFO]: Preparing spawn area: 3%
[06:33:05] [Worker-Main-8/INFO]: Preparing spawn area: 3%
[06:33:06] [Worker-Main-14/INFO]: Preparing spawn area: 3%
[06:33:07] [Worker-Main-13/INFO]: Preparing spawn area: 3%
[06:33:07] [Worker-Main-13/INFO]: Preparing spawn area: 3%
[06:33:08] [Worker-Main-13/INFO]: Preparing spawn area: 3%
[06:33:08] [Worker-Main-8/INFO]: Preparing spawn area: 3%
[06:33:08] [Worker-Main-12/INFO]: Preparing spawn area: 4%
[06:33:09] [Worker-Main-13/INFO]: Preparing spawn area: 4%
[06:33:09] [Worker-Main-8/INFO]: Preparing spawn area: 4%
[06:33:10] [Worker-Main-12/INFO]: Preparing spawn area: 4%
[06:33:10] [Worker-Main-10/INFO]: Preparing spawn area: 4%
[06:33:11] [Worker-Main-10/INFO]: Preparing spawn area: 4%
[06:33:11] [Worker-Main-13/INFO]: Preparing spawn area: 4%
[06:33:12] [Worker-Main-14/INFO]: Preparing spawn area: 5%
[06:33:12] [Worker-Main-12/INFO]: Preparing spawn area: 5%
[06:33:13] [Worker-Main-12/INFO]: Preparing spawn area: 5%
[06:33:13] [Worker-Main-14/INFO]: Preparing spawn area: 5%
[06:33:14] [Worker-Main-9/INFO]: Preparing spawn area: 5%
[06:33:14] [Worker-Main-10/INFO]: Preparing spawn area: 5%
[06:33:15] [Worker-Main-13/INFO]: Preparing spawn area: 5%
[06:33:15] [Worker-Main-9/INFO]: Preparing spawn area: 5%
[06:33:16] [Worker-Main-10/INFO]: Preparing spawn area: 5%
[06:33:16] [Worker-Main-13/INFO]: Preparing spawn area: 5%
[06:33:17] [Worker-Main-11/INFO]: Preparing spawn area: 5%
[06:33:17] [Worker-Main-11/INFO]: Preparing spawn area: 6%
[06:33:18] [Worker-Main-11/INFO]: Preparing spawn area: 6%
[06:33:18] [Worker-Main-10/INFO]: Preparing spawn area: 6%
[06:33:19] [Worker-Main-10/INFO]: Preparing spawn area: 6%
[06:33:19] [Worker-Main-9/INFO]: Preparing spawn area: 6%
[06:33:20] [Worker-Main-13/INFO]: Preparing spawn area: 6%
[06:33:20] [Worker-Main-10/INFO]: Preparing spawn area: 6%
[06:33:21] [Worker-Main-14/INFO]: Preparing spawn area: 9%
[06:33:21] [Worker-Main-10/INFO]: Preparing spawn area: 9%
[06:33:22] [Worker-Main-12/INFO]: Preparing spawn area: 9%
[06:33:22] [Worker-Main-11/INFO]: Preparing spawn area: 10%
[06:33:23] [Worker-Main-12/INFO]: Preparing spawn area: 10%
[06:33:23] [Worker-Main-11/INFO]: Preparing spawn area: 11%
[06:33:24] [Worker-Main-10/INFO]: Preparing spawn area: 11%
[06:33:24] [Worker-Main-9/INFO]: Preparing spawn area: 12%
[06:33:25] [Worker-Main-10/INFO]: Preparing spawn area: 12%
[06:33:25] [Worker-Main-10/INFO]: Preparing spawn area: 13%
[06:33:26] [Worker-Main-9/INFO]: Preparing spawn area: 13%
[06:33:26] [Worker-Main-8/INFO]: Preparing spawn area: 13%
[06:33:27] [Worker-Main-11/INFO]: Preparing spawn area: 14%
[06:33:27] [Worker-Main-9/INFO]: Preparing spawn area: 14%
[06:33:28] [Worker-Main-11/INFO]: Preparing spawn area: 15%
[06:33:28] [Worker-Main-8/INFO]: Preparing spawn area: 15%
[06:33:29] [Worker-Main-13/INFO]: Preparing spawn area: 15%
[06:33:29] [Worker-Main-10/INFO]: Preparing spawn area: 15%
[06:33:30] [Worker-Main-8/INFO]: Preparing spawn area: 16%
[06:33:30] [Worker-Main-13/INFO]: Preparing spawn area: 16%
[06:33:31] [Worker-Main-11/INFO]: Preparing spawn area: 16%
[06:33:32] [Worker-Main-13/INFO]: Preparing spawn area: 16%
[06:33:32] [Worker-Main-13/INFO]: Preparing spawn area: 16%
[06:33:32] [Worker-Main-14/INFO]: Preparing spawn area: 17%
[06:33:33] [Worker-Main-13/INFO]: Preparing spawn area: 17%
[06:33:33] [Worker-Main-8/INFO]: Preparing spawn area: 17%
[06:33:34] [Worker-Main-11/INFO]: Preparing spawn area: 17%
[06:33:34] [Worker-Main-13/INFO]: Preparing spawn area: 17%
[06:33:35] [Worker-Main-13/INFO]: Preparing spawn area: 17%
[06:33:35] [Worker-Main-14/INFO]: Preparing spawn area: 17%
[06:33:36] [Worker-Main-11/INFO]: Preparing spawn area: 17%
[06:33:36] [Worker-Main-10/INFO]: Preparing spawn area: 19%
[06:33:37] [Worker-Main-10/INFO]: Preparing spawn area: 19%
[06:33:37] [Worker-Main-14/INFO]: Preparing spawn area: 20%
[06:33:38] [Worker-Main-14/INFO]: Preparing spawn area: 20%
[06:33:38] [Worker-Main-14/INFO]: Preparing spawn area: 21%
[06:33:39] [Worker-Main-9/INFO]: Preparing spawn area: 21%
[06:33:39] [Worker-Main-13/INFO]: Preparing spawn area: 21%
[06:33:40] [Worker-Main-10/INFO]: Preparing spawn area: 21%
[06:33:40] [Worker-Main-11/INFO]: Preparing spawn area: 21%
[06:33:41] [Worker-Main-8/INFO]: Preparing spawn area: 21%
[06:33:41] [Worker-Main-10/INFO]: Preparing spawn area: 23%
[06:33:42] [Worker-Main-9/INFO]: Preparing spawn area: 24%
[06:33:42] [Worker-Main-11/INFO]: Preparing spawn area: 24%
[06:33:43] [Worker-Main-9/INFO]: Preparing spawn area: 24%
[06:33:43] [Worker-Main-8/INFO]: Preparing spawn area: 25%
[06:33:44] [Worker-Main-12/INFO]: Preparing spawn area: 25%
[06:33:44] [Worker-Main-12/INFO]: Preparing spawn area: 26%
[06:33:45] [Worker-Main-14/INFO]: Preparing spawn area: 26%
